<?xml version="1.0" encoding="UTF-8"?>
<!-- Generated by org.testng.reporters.JUnitXMLReporter -->
<testsuite ignored="4" hostname="nycs-MBP.lan" failures="0" tests="1" name="safari" time="1.353" errors="0" timestamp="2023-02-17T22:27:15 EST">
  <testcase classname="progressive.tdd.base.BaseClass" name="@BeforeMethod setUpDriver" time="1.187">
    <failure type="org.openqa.selenium.SessionNotCreatedException" message="Could not start a new session. Response code 500. Message: Could not create a session: You must enable the &amp;apos;Allow Remote Automation&amp;apos; option in Safari&amp;apos;s Develop menu to control Safari via WebDriver. 
Host info: host: &amp;apos;nycs-MBP.lan&amp;apos;, ip: &amp;apos;fd39:9aad:a425:0:18b2:b81c:bb9a:5247%en0&amp;apos;
Build info: version: &amp;apos;4.7.2&amp;apos;, revision: &amp;apos;4d4020c3b7&amp;apos;
System info: os.name: &amp;apos;Mac OS X&amp;apos;, os.arch: &amp;apos;x86_64&amp;apos;, os.version: &amp;apos;12.6&amp;apos;, java.version: &amp;apos;11.0.16&amp;apos;
Driver info: org.openqa.selenium.safari.SafariDriver
Command: [null, newSession {capabilities=[Capabilities {browserName: safari}], desiredCapabilities=Capabilities {browserName: safari}}]
Capabilities {}">
      <![CDATA[org.openqa.selenium.SessionNotCreatedException: Could not start a new session. Response code 500. Message: Could not create a session: You must enable the 'Allow Remote Automation' option in Safari's Develop menu to control Safari via WebDriver. 
Host info: host: 'nycs-MBP.lan', ip: 'fd39:9aad:a425:0:18b2:b81c:bb9a:5247%en0'
Build info: version: '4.7.2', revision: '4d4020c3b7'
System info: os.name: 'Mac OS X', os.arch: 'x86_64', os.version: '12.6', java.version: '11.0.16'
Driver info: org.openqa.selenium.safari.SafariDriver
Command: [null, newSession {capabilities=[Capabilities {browserName: safari}], desiredCapabilities=Capabilities {browserName: safari}}]
Capabilities {}
at org.openqa.selenium.remote.ProtocolHandshake.createSession(ProtocolHandshake.java:148)
at org.openqa.selenium.remote.ProtocolHandshake.createSession(ProtocolHandshake.java:106)
at org.openqa.selenium.remote.ProtocolHandshake.createSession(ProtocolHandshake.java:67)
at org.openqa.selenium.remote.HttpCommandExecutor.execute(HttpCommandExecutor.java:156)
at org.openqa.selenium.remote.service.DriverCommandExecutor.invokeExecute(DriverCommandExecutor.java:167)
at org.openqa.selenium.remote.service.DriverCommandExecutor.execute(DriverCommandExecutor.java:142)
at org.openqa.selenium.remote.RemoteWebDriver.execute(RemoteWebDriver.java:535)
at org.openqa.selenium.remote.RemoteWebDriver.startSession(RemoteWebDriver.java:228)
at org.openqa.selenium.remote.RemoteWebDriver.<init>(RemoteWebDriver.java:156)
at org.openqa.selenium.safari.SafariDriver.<init>(SafariDriver.java:79)
at org.openqa.selenium.safari.SafariDriver.<init>(SafariDriver.java:58)
at org.openqa.selenium.safari.SafariDriver.<init>(SafariDriver.java:49)
at progressive.tdd.base.BaseClass.initDriver(BaseClass.java:87)
at progressive.tdd.base.BaseClass.setUpDriver(BaseClass.java:53)
at java.base/java.util.ArrayList.forEach(ArrayList.java:1541)
... Removed 31 stack frames]]>
    </failure>
  </testcase> <!-- @BeforeMethod setUpDriver -->
  <testcase classname="progressive.tdd.base.BaseClass" name="@AfterMethod getResult" time="0.0">
    <skipped/>
  </testcase> <!-- @AfterMethod getResult -->
  <testcase classname="progressive.tdd.base.BaseClass" name="@AfterMethod tearUp" time="0.0">
    <skipped/>
  </testcase> <!-- @AfterMethod tearUp -->
  <testcase classname="progressive.tdd.test.property.PropertyElementTest" name="createJoinForFreeTest" time="0.0">
    <skipped/>
  </testcase> <!-- createJoinForFreeTest -->
  <testcase classname="progressive.tdd.test.property.PropertyElementTest" name="testRetry" time="0.0">
    <ignored/>
  </testcase> <!-- testRetry -->
  <testcase classname="progressive.tdd.test.property.PropertyElementTest" name="test1" time="0.0">
    <ignored/>
  </testcase> <!-- test1 -->
  <testcase classname="progressive.tdd.test.property.PropertyElementTest" name="test3" time="0.0">
    <ignored/>
  </testcase> <!-- test3 -->
  <testcase classname="progressive.tdd.test.property.PropertyElementTest" name="test2" time="0.0">
    <ignored/>
  </testcase> <!-- test2 -->
</testsuite> <!-- safari -->
