<?xml version="1.0" encoding="UTF-8"?>
<!-- Generated by org.testng.reporters.JUnitXMLReporter -->
<testsuite ignored="7" hostname="nycs-MBP.lan" failures="0" tests="1" name="Test" time="51.493" errors="0" timestamp="2023-02-17T22:19:18 EST">
  <testcase classname="progressive.tdd.test.property.PropertyElementTest" name="createJoinForFreeTest" time="43.729"/>
  <testcase classname="progressive.tdd.test.property.PropertyElementTest" name="test1" time="0.0">
    <ignored/>
  </testcase> <!-- test1 -->
  <testcase classname="progressive.tdd.test.bundle.BundleSaveTest" name="createA_AutoQuote" time="0.0">
    <ignored/>
  </testcase> <!-- createA_AutoQuote -->
  <testcase classname="progressive.tdd.base.ExtentListener" name="@AfterSuite closeReport" time="0.0">
    <ignored/>
  </testcase> <!-- @AfterSuite closeReport -->
  <testcase classname="progressive.tdd.test.property.PropertyElementTest" name="testRetry" time="0.0">
    <ignored/>
  </testcase> <!-- testRetry -->
  <testcase classname="progressive.tdd.base.ExtentListener" name="@BeforeSuite initExtentReport" time="0.0">
    <ignored/>
  </testcase> <!-- @BeforeSuite initExtentReport -->
  <testcase classname="progressive.tdd.test.property.PropertyElementTest" name="test3" time="0.0">
    <ignored/>
  </testcase> <!-- test3 -->
  <testcase classname="progressive.tdd.test.property.PropertyElementTest" name="test2" time="0.0">
    <ignored/>
  </testcase> <!-- test2 -->
</testsuite> <!-- Test -->
