<?xml version="1.0" encoding="UTF-8"?>
<testng-results ignored="4" total="5" passed="1" failed="0" skipped="0">
  <reporter-output>
    <line>
      <![CDATA[Validating ---> Actual : *** Select a product to quote ***. Expected : *** Select a product to quote *** <br>]]>
    </line>
    <line>
      <![CDATA[[[ChromeDriver: chrome on MAC (b8a583779a84ff755d774f728c18bb3d)] -> xpath: (//span[@class='last-word'])[2]] -------> has been clicked <br>]]>
    </line>
    <line>
      <![CDATA[11219 <--- This value has been passed into ---> [[ChromeDriver: chrome on MAC (b8a583779a84ff755d774f728c18bb3d)] -> xpath: //input[@id='zipCode_overlay_subproducts']] <br>]]>
    </line>
    <line>
      <![CDATA[[[ChromeDriver: chrome on MAC (b8a583779a84ff755d774f728c18bb3d)] -> xpath: (//input[@name='qsButton'])[3]] -------> has been clicked <br>]]>
    </line>
    <line>
      <![CDATA[244 Dahill road, Brooklyn ,NY -11219 <--- This value has been passed into ---> [[ChromeDriver: chrome on MAC (b8a583779a84ff755d774f728c18bb3d)] -> xpath: //input[@id='singleLineAddress']] <br>]]>
    </line>
    <line>
      <![CDATA[[[ChromeDriver: chrome on MAC (b8a583779a84ff755d774f728c18bb3d)] -> xpath: (//input[@id='paButtonSingleLine'])[1]] -------> has been clicked <br>]]>
    </line>
    <line>
      <![CDATA[244 Dahill road <--- This value has been passed into ---> [[ChromeDriver: chrome on MAC (b8a583779a84ff755d774f728c18bb3d)] -> xpath: //input[@id='addressLine1Modal']] <br>]]>
    </line>
    <line>
      <![CDATA[Brooklyn <--- This value has been passed into ---> [[ChromeDriver: chrome on MAC (b8a583779a84ff755d774f728c18bb3d)] -> xpath: //input[@id='cityModal']] <br>]]>
    </line>
    <line>
      <![CDATA[[[ChromeDriver: chrome on MAC (b8a583779a84ff755d774f728c18bb3d)] -> id: paModalButton] -------> has been clicked <br>]]>
    </line>
    <line>
      <![CDATA[Sabrina <--- This value has been passed into ---> [[ChromeDriver: chrome on MAC (b8a583779a84ff755d774f728c18bb3d)] -> xpath: //input[@id='PolicyData_FirstName']] <br>]]>
    </line>
    <line>
      <![CDATA[Hasan <--- This value has been passed into ---> [[ChromeDriver: chrome on MAC (b8a583779a84ff755d774f728c18bb3d)] -> xpath: (//input[@name='maskedInput'])[3]] <br>]]>
    </line>
    <line>
      <![CDATA[05-12-2001 <--- This value has been passed into ---> [[ChromeDriver: chrome on MAC (b8a583779a84ff755d774f728c18bb3d)] -> xpath: //input[@id='PolicyData_DateOfBirth']] <br>]]>
    </line>
    <line>
      <![CDATA[[[ChromeDriver: chrome on MAC (b8a583779a84ff755d774f728c18bb3d)] -> xpath: //button[@id='next-button']] -------> has been clicked <br>]]>
    </line>
  </reporter-output>
  <suite started-at="2023-02-17T02:47:24 EST" name="Suite" finished-at="2023-02-17T02:48:15 EST" duration-ms="50804">
    <groups>
      <group name="property">
        <method signature="PropertyElementTest.createJoinForFreeTest()[pri:0, instance:progressive.tdd.test.property.PropertyElementTest@26e356f0]" name="createJoinForFreeTest" class="progressive.tdd.test.property.PropertyElementTest"/>
      </group> <!-- property -->
    </groups>
    <test started-at="2023-02-17T02:47:24 EST" name="Test" finished-at="2023-02-17T02:48:15 EST" duration-ms="50804">
      <class name="progressive.tdd.test.property.PropertyElementTest">
        <test-method is-config="true" signature="initExtentReport()[pri:0, instance:progressive.tdd.test.property.PropertyElementTest@26e356f0]" started-at="2023-02-17T02:47:24 EST" name="initExtentReport" finished-at="2023-02-17T02:47:24 EST" duration-ms="282" status="PASS">
          <reporter-output>
          </reporter-output>
        </test-method> <!-- initExtentReport -->
        <test-method is-config="true" signature="startExtentReport(java.lang.reflect.Method)[pri:0, instance:progressive.tdd.test.property.PropertyElementTest@26e356f0]" started-at="2023-02-17T02:47:24 EST" name="startExtentReport" finished-at="2023-02-17T02:47:24 EST" duration-ms="5" status="PASS">
          <params>
            <param index="0">
              <value>
                <![CDATA[public void progressive.tdd.test.property.PropertyElementTest.createJoinForFreeTest() throws java.lang.InterruptedException]]>
              </value>
            </param>
          </params>
          <reporter-output>
          </reporter-output>
        </test-method> <!-- startExtentReport -->
        <test-method is-config="true" signature="setUpDriver()[pri:0, instance:progressive.tdd.test.property.PropertyElementTest@26e356f0]" started-at="2023-02-17T02:47:24 EST" name="setUpDriver" finished-at="2023-02-17T02:47:30 EST" duration-ms="5581" status="PASS">
          <reporter-output>
          </reporter-output>
        </test-method> <!-- setUpDriver -->
        <test-method signature="createJoinForFreeTest()[pri:0, instance:progressive.tdd.test.property.PropertyElementTest@26e356f0]" started-at="2023-02-17T02:47:30 EST" name="createJoinForFreeTest" finished-at="2023-02-17T02:48:15 EST" duration-ms="44947" status="PASS">
          <reporter-output>
            <line>
              <![CDATA[Validating ---> Actual : *** Select a product to quote ***. Expected : *** Select a product to quote *** <br>]]>
            </line>
            <line>
              <![CDATA[[[ChromeDriver: chrome on MAC (b8a583779a84ff755d774f728c18bb3d)] -> xpath: (//span[@class='last-word'])[2]] -------> has been clicked <br>]]>
            </line>
            <line>
              <![CDATA[11219 <--- This value has been passed into ---> [[ChromeDriver: chrome on MAC (b8a583779a84ff755d774f728c18bb3d)] -> xpath: //input[@id='zipCode_overlay_subproducts']] <br>]]>
            </line>
            <line>
              <![CDATA[[[ChromeDriver: chrome on MAC (b8a583779a84ff755d774f728c18bb3d)] -> xpath: (//input[@name='qsButton'])[3]] -------> has been clicked <br>]]>
            </line>
            <line>
              <![CDATA[244 Dahill road, Brooklyn ,NY -11219 <--- This value has been passed into ---> [[ChromeDriver: chrome on MAC (b8a583779a84ff755d774f728c18bb3d)] -> xpath: //input[@id='singleLineAddress']] <br>]]>
            </line>
            <line>
              <![CDATA[[[ChromeDriver: chrome on MAC (b8a583779a84ff755d774f728c18bb3d)] -> xpath: (//input[@id='paButtonSingleLine'])[1]] -------> has been clicked <br>]]>
            </line>
            <line>
              <![CDATA[244 Dahill road <--- This value has been passed into ---> [[ChromeDriver: chrome on MAC (b8a583779a84ff755d774f728c18bb3d)] -> xpath: //input[@id='addressLine1Modal']] <br>]]>
            </line>
            <line>
              <![CDATA[Brooklyn <--- This value has been passed into ---> [[ChromeDriver: chrome on MAC (b8a583779a84ff755d774f728c18bb3d)] -> xpath: //input[@id='cityModal']] <br>]]>
            </line>
            <line>
              <![CDATA[[[ChromeDriver: chrome on MAC (b8a583779a84ff755d774f728c18bb3d)] -> id: paModalButton] -------> has been clicked <br>]]>
            </line>
            <line>
              <![CDATA[Sabrina <--- This value has been passed into ---> [[ChromeDriver: chrome on MAC (b8a583779a84ff755d774f728c18bb3d)] -> xpath: //input[@id='PolicyData_FirstName']] <br>]]>
            </line>
            <line>
              <![CDATA[Hasan <--- This value has been passed into ---> [[ChromeDriver: chrome on MAC (b8a583779a84ff755d774f728c18bb3d)] -> xpath: (//input[@name='maskedInput'])[3]] <br>]]>
            </line>
            <line>
              <![CDATA[05-12-2001 <--- This value has been passed into ---> [[ChromeDriver: chrome on MAC (b8a583779a84ff755d774f728c18bb3d)] -> xpath: //input[@id='PolicyData_DateOfBirth']] <br>]]>
            </line>
            <line>
              <![CDATA[[[ChromeDriver: chrome on MAC (b8a583779a84ff755d774f728c18bb3d)] -> xpath: //button[@id='next-button']] -------> has been clicked <br>]]>
            </line>
          </reporter-output>
        </test-method> <!-- createJoinForFreeTest -->
        <test-method is-config="true" signature="getResult(org.testng.ITestResult,java.lang.reflect.Method)[pri:0, instance:progressive.tdd.test.property.PropertyElementTest@26e356f0]" started-at="2023-02-17T02:48:15 EST" name="getResult" finished-at="2023-02-17T02:48:15 EST" duration-ms="2" status="PASS">
          <params>
            <param index="0">
              <value>
                <![CDATA[[TestResult name=createJoinForFreeTest status=SUCCESS method=PropertyElementTest.createJoinForFreeTest()[pri:0, instance:progressive.tdd.test.property.PropertyElementTest@26e356f0] output=Validating ---> Actual : *** Select a product to quote ***. Expected : *** Select a product to quote *** <br>]]]>
              </value>
            </param>
            <param index="1">
              <value>
                <![CDATA[public void progressive.tdd.test.property.PropertyElementTest.createJoinForFreeTest() throws java.lang.InterruptedException]]>
              </value>
            </param>
          </params>
          <reporter-output>
          </reporter-output>
        </test-method> <!-- getResult -->
        <test-method is-config="true" signature="tearUp()[pri:0, instance:progressive.tdd.test.property.PropertyElementTest@26e356f0]" started-at="2023-02-17T02:48:15 EST" name="tearUp" finished-at="2023-02-17T02:48:15 EST" duration-ms="228" status="PASS">
          <reporter-output>
          </reporter-output>
        </test-method> <!-- tearUp -->
        <test-method is-config="true" signature="closeReport()[pri:0, instance:progressive.tdd.test.property.PropertyElementTest@26e356f0]" started-at="2023-02-17T02:48:15 EST" name="closeReport" finished-at="2023-02-17T02:48:16 EST" duration-ms="348" status="PASS">
          <reporter-output>
          </reporter-output>
        </test-method> <!-- closeReport -->
      </class> <!-- progressive.tdd.test.property.PropertyElementTest -->
    </test> <!-- Test -->
  </suite> <!-- Suite -->
</testng-results>
